make.exe all --print-data-base --no-builtin-variables --no-builtin-rules --question
make: *** No rule to make target 'all'.  Stop.

# GNU Make 4.3
# Built for Windows32
# Copyright (C) 1988-2020 Free Software Foundation, Inc.
# License GPLv3+: GNU GPL version 3 or later <http://gnu.org/licenses/gpl.html>
# This is free software: you are free to change and redistribute it.
# There is NO WARRANTY, to the extent permitted by law.

# Make data base, printed on Sun Jun 19 10:08:14 2022

# Variables

# environment
SYSTEMDRIVE = C:
# environment
JAVA_HOME = C:\Program Files (x86)\ASUS\HomeCloud\jre7
# environment
LC_ALL = C
# environment
USERPROFILE = C:\Users\Ben Magistris
# environment
LOCALAPPDATA = C:\Users\Ben Magistris\AppData\Local
# environment
VSCODE_IPC_HOOK_EXTHOST = \\.\pipe\vscode-ipc-295f3fab-cd2c-4128-b3ed-0938adefb455-sock
# environment
VSCODE_CWD = G:\Program Files (x86)\Microsoft VS Code
# environment
CHOCOLATEYINSTALL = C:\ProgramData\chocolatey
# environment
SYSTEMROOT = C:\WINDOWS
# environment
PROCESSOR_LEVEL = 6
# environment
PSMODULEPATH = C:\WINDOWS\system32\WindowsPowerShell\v1.0\Modules\;C:\Program Files\Intel\;C:\Program Files\Intel\Wired Networking\;C:\Program Files (x86)\Microsoft SQL Server\120\Tools\PowerShell\Modules\
# default
MAKE_COMMAND := C:/ProgramData/chocolatey/lib/make/tools/install/bin/make.exe
# environment
GOPATH = C:\Users\Ben Magistris\go
# automatic
@D = $(patsubst %/,%,$(patsubst %\,%,$(dir $@)))
# environment
CHROME_CRASHPAD_PIPE_NAME = \\.\pipe\crashpad_27588_HDJTEIINMRLHJOSX
# environment
ONEDRIVECOMMERCIAL = C:\Users\Ben Magistris\OneDrive - PURPLE CRANE LTD
# environment
VSCODE_HANDLES_UNCAUGHT_ERRORS = true
# makefile (from 'Makefile', line 7)
BINARY = terraform-provider-${NAME}.exe
# default
.VARIABLES := 
# automatic
%D = $(patsubst %/,%,$(patsubst %\,%,$(dir $%)))
# makefile (from 'Makefile', line 2)
HOSTNAME = faze.com
# environment
VS110COMNTOOLS = C:\Program Files (x86)\Microsoft Visual Studio 11.0\Common7\Tools\
# automatic
^D = $(patsubst %/,%,$(patsubst %\,%,$(dir $^)))
# environment
VSCODE_LOG_STACK = false
# automatic
%F = $(notdir $%)
# environment
VSCODE_CODE_CACHE_PATH = C:\Users\Ben Magistris\AppData\Roaming\Code\CachedData\30d9c6cd9483b2cc586687151bcbcd635f373630
# environment
LANG = C
# default
.LOADED := 
# environment
TMP = C:\Shared\AppData\Local\Temp
# default
.INCLUDE_DIRS = .
# environment
PROCESSOR_ARCHITEW6432 = AMD64
# makefile
MAKEFLAGS = pqrR
# environment
ONEDRIVE = C:\Users\Ben Magistris\OneDrive - PURPLE CRANE LTD
# makefile
CURDIR := g:/Source/Repos/terraform-provider-faze-gallery
# environment
VSCODE_PIPE_LOGGING = true
# environment
APPLICATION_INSIGHTS_NO_DIAGNOSTIC_CHANNEL = 1
# automatic
*D = $(patsubst %/,%,$(patsubst %\,%,$(dir $*)))
# makefile (from 'Makefile', line 5)
VERSION = 0.1
# environment
PROGRAMFILES = C:\Program Files (x86)
# environment
MFLAGS = -pqrR
# default
.SHELLFLAGS := -c
# environment
COMMONPROGRAMW6432 = C:\Program Files\Common Files
# automatic
+D = $(patsubst %/,%,$(patsubst %\,%,$(dir $+)))
# makefile (from 'Makefile', line 1)
MAKEFILE_LIST := Makefile
# automatic
@F = $(notdir $@)
# environment
VSCODE_VERBOSE_LOGGING = true
# environment
VSCODE_PID = 27588
# environment
CUDA_PATH = C:\Program Files\NVIDIA GPU Computing Toolkit\CUDA\v8.0
# environment
__PSLOCKDOWNPOLICY = 0
# automatic
?D = $(patsubst %/,%,$(patsubst %\,%,$(dir $?)))
# makefile (from 'Makefile', line 6)
OS_ARCH = windows_amd64
# automatic
*F = $(notdir $*)
# automatic
<D = $(patsubst %/,%,$(patsubst %\,%,$(dir $<)))
# environment
VSCODE_NLS_CONFIG = {"locale":"en-gb","availableLanguages":{},"_languagePackSupport":true}
# makefile (from 'Makefile', line 8)
PLUGINS_ROOT_PATH = $(shell echo %APPDATA%)\terraform.d\plugins
# default
MAKE_HOST := Windows32
# environment
PROGRAMDATA = C:\ProgramData
# default
SHELL := sh.exe
# environment
VS120COMNTOOLS = C:\Program Files (x86)\Microsoft Visual Studio 12.0\Common7\Tools\
# environment
HOMEPATH = \Users\Ben Magistris
# default
MAKECMDGOALS := all
# environment
RUBYOPT = -Eutf-8
# environment
DRIVERDATA = C:\Windows\System32\Drivers\DriverData
# environment
COMSPEC = C:\WINDOWS\system32\cmd.exe
# environment
WINDIR = C:\WINDOWS
# environment
NVCUDASAMPLES8_0_ROOT = C:\ProgramData\NVIDIA Corporation\CUDA Samples\v8.0
# environment
MAKELEVEL := 0
# default
MAKE = $(MAKE_COMMAND)
# environment
PATH = C:\Program Files (x86)\Microsoft SDKs\Azure\CLI2\wbin;C:\Python38\Scripts\;C:\Python38\;C:\Program Files\NVIDIA GPU Computing Toolkit\CUDA\v8.0\bin;C:\Program Files\NVIDIA GPU Computing Toolkit\CUDA\v8.0\libnvvp;C:\Program Files (x86)\Intel\iCLS Client\;C:\Program Files\Intel\iCLS Client\;C:\ProgramData\Oracle\Java\javapath;C:\WINDOWS\system32;C:\WINDOWS;C:\WINDOWS\System32\Wbem;C:\WINDOWS\System32\WindowsPowerShell\v1.0\;C:\Program Files\Intel\Intel(R) Management Engine Components\DAL;C:\Program Files (x86)\Intel\Intel(R) Management Engine Components\DAL;C:\Program Files\Intel\Intel(R) Management Engine Components\IPT;C:\Program Files (x86)\Intel\Intel(R) Management Engine Components\IPT;c:\Program Files (x86)\Microsoft SQL Server\100\Tools\Binn\;c:\Program Files (x86)\Microsoft SQL Server\100\DTS\Binn\;C:\Program Files (x86)\ASUS\HomeCloud\jre7\bin;C:\Program Files\Microsoft SQL Server\110\Tools\Binn\;C:\Program Files\Microsoft SQL Server\120\Tools\Binn\;C:\Python27\;C:\Program Files (x86)\NVIDIA Corporation\PhysX\Common;C:\Program Files\Microsoft DNX\Dnvm\;C:\Program Files\Microsoft SQL Server\130\Tools\Binn\;C:\Program Files\dotnet\;C:\Program Files\Microsoft SQL Server\Client SDK\ODBC\110\Tools\Binn\;C:\Program Files (x86)\Microsoft SQL Server\120\Tools\Binn\;C:\Program Files\Microsoft SQL Server\120\DTS\Binn\;C:\Program Files (x86)\Microsoft Visual Studio\2017\Community\VC\Tools\MSVC\14.11.25503\bin\Hostx64\x86\;C:\WINDOWS\System32\OpenSSH\;C:\Program Files (x86)\dotnet\;C:\Program Files\Git\cmd;C:\Program Files\NVIDIA Corporation\NVIDIA NvDLISR;C:\Program Files\Microsoft SQL Server\Client SDK\ODBC\170\Tools\Binn\;C:\ProgramData\chocolatey\bin;C:\Program Files (x86)\Yarn\bin\;C:\WINDOWS\system32;C:\WINDOWS;C:\WINDOWS\System32\Wbem;C:\WINDOWS\System32\WindowsPowerShell\v1.0\;C:\WINDOWS\System32\OpenSSH\;C:\Program Files\Docker\Docker\resources\bin;C:\ProgramData\DockerDesktop\version-bin;C:\Program Files\Go\bin;C:\Program Files\nodejs\;G:\Program Files (x86)\Terraform\;G:\Programs\Ruby27-x64\bin;C:\Ruby22\bin;C:\Users\Ben Magistris\Anaconda;C:\Users\Ben Magistris\Anaconda\Scripts;C:\Users\Ben Magistris\node_modules\.bin;C:\Users\Ben Magistris\AppData\Local\Microsoft\WindowsApps;C:\Program Files (x86)\Microsoft Visual Studio\2017\Community\VC\Tools\MSVC\14.11.25503\bin\Hostx64\x64;C:\Users\Ben Magistris\.dotnet\tools;C:\Users\Ben Magistris\AppData\Local\Programs\Fiddler;C:\Program Files (x86)\FAHClient;C:\Program Files (x86)\OctopusCLI;G:\nodejs\npm;C:\Program Files (x86)\Yarn\bin;G:\Program Files (x86)\Microsoft VS Code\bin;C:\Users\Ben Magistris\AppData\Local\GitHubDesktop\bin;C:\Program Files (x86)\Rico Suter\NSwagStudio\;C:\Users\Ben Magistris\.dotnet\tools;C:\Users\Ben Magistris\AppData\Local\Microsoft\WindowsApps;G:\Program Files\heroku\bin;G:\Program Files\exiftool-12.29;G:\Program Files\ffmpeg;C:\Program Files\Go\bin;C:\Users\Ben Magistris\go\bin;C:\Users\Ben Magistris\AppData\Roaming\npm;G:\Program Files (x86)\Terraform\;
# environment
COMPUTERNAME = BLUEWOLF
# default
MAKEFILES := 
# automatic
^F = $(notdir $^)
# environment
PROMPT = $P$G
# environment
CHOCOLATEYLASTPATHUPDATE = 132328199028928674
# environment
NVTOOLSEXT_PATH = C:\Program Files\NVIDIA Corporation\NvToolsExt\
# environment
LOGONSERVER = \\BLUEWOLF
# environment
CUDA_PATH_V8_0 = C:\Program Files\NVIDIA GPU Computing Toolkit\CUDA\v8.0
# environment
VSCODE_LOG_NATIVE = false
# environment
USERNAME = Ben Magistris
# environment
COMMONPROGRAMFILES = C:\Program Files (x86)\Common Files
# automatic
?F = $(notdir $?)
# environment
PROGRAMW6432 = C:\Program Files
# makefile (from 'Makefile', line 4)
NAME = faze-gallery
# environment
PATHEXT = .COM;.EXE;.BAT;.CMD;.VBS;.VBE;.JS;.JSE;.WSF;.WSH;.MSC;.PY;.PYW;JPM;.RB;.RBW
# automatic
+F = $(notdir $+)
# environment
ORIGINAL_XDG_CURRENT_DESKTOP = undefined
# makefile (from 'Makefile', line 1)
TEST = $$(go list ./... | grep -v 'vendor')
# environment
USERDOMAIN = BLUEWOLF
# 'override' directive
GNUMAKEFLAGS := 
# environment
VS140COMNTOOLS = C:\Program Files (x86)\Microsoft Visual Studio 14.0\Common7\Tools\
# environment
OS = Windows_NT
# environment
FP_NO_HOST_CHECK = NO
# makefile
.DEFAULT_GOAL := default
# default
MAKE_VERSION := 4 
.3
# environment
PROGRAMFILES(X86) = C:\Program Files (x86)
# environment
NVCUDASAMPLES_ROOT = C:\ProgramData\NVIDIA Corporation\CUDA Samples\v8.0
# environment
USERDOMAIN_ROAMINGPROFILE = BLUEWOLF
# environment
NUMBER_OF_PROCESSORS = 8
# environment
PUBLIC = C:\Users\Public
# environment
APPDATA = C:\Users\Ben Magistris\AppData\Roaming
# environment
HOMEDRIVE = C:
# makefile (from 'Makefile', line 3)
NAMESPACE = gallery
# environment
PROCESSOR_ARCHITECTURE = x86
# environment
GOMODCACHE = C:\Users\Ben Magistris\go\pkg\mod
# environment
VSCODE_AMD_ENTRYPOINT = vs/workbench/api/node/extensionHostProcess
# environment
COMMONPROGRAMFILES(X86) = C:\Program Files (x86)\Common Files
# environment
ELECTRON_RUN_AS_NODE = 1
# environment
TEMP = C:\Shared\AppData\Local\Temp
# environment
VSCODE_IPC_HOOK = \\.\pipe\f45070a41ef4d7a8742289e2d0898518-1.68.1-main-sock
# environment
GOPROXY = https://proxy.golang.org,direct
# default
.RECIPEPREFIX := 
# automatic
<F = $(notdir $<)
# default
SUFFIXES := 
# environment
ALLUSERSPROFILE = C:\ProgramData
# environment
SESSIONNAME = Console
# default
.FEATURES := target-specific order-only second-expansion else-if shortest-stem undefine oneshell nocomment grouped-target extra-prereqs archives jobserver output-sync load
# environment
PROCESSOR_REVISION = 3c03
# makefile (from 'Makefile', line 9)
PLUGIN_PATH = ${PLUGINS_ROOT_PATH}\${HOSTNAME}\${NAMESPACE}\${NAME}\${VERSION}\${OS_ARCH}
# environment
PROCESSOR_IDENTIFIER = Intel64 Family 6 Model 60 Stepping 3, GenuineIntel
# variable set hash-table stats:
# Load=119/1024=12%, Rehash=0, Collisions=14/148=9%

# Pattern-specific Variable Values

# No pattern-specific variable values.

# Directories

# . (key g:/Source/Repos/terraform-provider-faze-gallery, mtime 1655575698): 13 files, no impossibilities.

# 13 files, no impossibilities in 1 directories.

# Implicit Rules

# No implicit rules.

# Files

default: install
#  Implicit rule search has not been done.
#  Modification time never checked.
#  File has not been updated.

# Not a target:
Makefile:
#  Implicit rule search has been done.
#  Last modified 2022-06-18 18:43:24
#  File has been updated.
#  Successfully updated.

testacc:
#  Implicit rule search has not been done.
#  Modification time never checked.
#  File has not been updated.
#  recipe to execute (from 'Makefile', line 41):
	TF_ACC=1 go test $(TEST) -v $(TESTARGS) -timeout 120m   

# Not a target:
.DEFAULT:
#  Implicit rule search has not been done.
#  Modification time never checked.
#  File has not been updated.

# Not a target:
all:
#  Command line target.
#  Implicit rule search has been done.
#  File does not exist.
#  File has not been updated.

build:
#  Implicit rule search has not been done.
#  Modification time never checked.
#  File has not been updated.
#  recipe to execute (from 'Makefile', line 14):
	go build -o ${BINARY}

test:
#  Implicit rule search has not been done.
#  Modification time never checked.
#  File has not been updated.
#  recipe to execute (from 'Makefile', line 37):
	go test -i $(TEST) || exit 1                                                   
	echo $(TEST) | xargs -t -n4 go test $(TESTARGS) -timeout=30s -parallel=4                    

install: build
#  Implicit rule search has not been done.
#  Modification time never checked.
#  File has not been updated.
#  recipe to execute (from 'Makefile', line 31):
	setlocal enableextensions enabledelayedexpansion
	if not exist "${PLUGIN_PATH}\" md "${PLUGIN_PATH}"
	endlocal
	move "${BINARY}" "${PLUGIN_PATH}"

release:
#  Implicit rule search has not been done.
#  Modification time never checked.
#  File has not been updated.
#  recipe to execute (from 'Makefile', line 17):
	GOOS=darwin GOARCH=amd64 go build -o ./bin/${BINARY}_${VERSION}_darwin_amd64
	GOOS=freebsd GOARCH=386 go build -o ./bin/${BINARY}_${VERSION}_freebsd_386
	GOOS=freebsd GOARCH=amd64 go build -o ./bin/${BINARY}_${VERSION}_freebsd_amd64
	GOOS=freebsd GOARCH=arm go build -o ./bin/${BINARY}_${VERSION}_freebsd_arm
	GOOS=linux GOARCH=386 go build -o ./bin/${BINARY}_${VERSION}_linux_386
	GOOS=linux GOARCH=amd64 go build -o ./bin/${BINARY}_${VERSION}_linux_amd64
	GOOS=linux GOARCH=arm go build -o ./bin/${BINARY}_${VERSION}_linux_arm
	GOOS=openbsd GOARCH=386 go build -o ./bin/${BINARY}_${VERSION}_openbsd_386
	GOOS=openbsd GOARCH=amd64 go build -o ./bin/${BINARY}_${VERSION}_openbsd_amd64
	GOOS=solaris GOARCH=amd64 go build -o ./bin/${BINARY}_${VERSION}_solaris_amd64
	GOOS=windows GOARCH=386 go build -o ./bin/${BINARY}_${VERSION}_windows_386
	GOOS=windows GOARCH=amd64 go build -o ./bin/${BINARY}_${VERSION}_windows_amd64

# files hash-table stats:
# Load=10/1024=1%, Rehash=0, Collisions=0/23=0%
# VPATH Search Paths

# No 'vpath' search paths.

# No general ('VPATH' variable) search path.

# strcache buffers: 1 (0) / strings = 22 / storage = 167 B / avg = 7 B
# current buf: size = 8174 B / used = 167 B / count = 22 / avg = 7 B

# strcache performance: lookups = 34 / hit rate = 35%
# hash-table stats:
# Load=22/8192=0%, Rehash=0, Collisions=0/34=0%
# Finished Make data base on Sun Jun 19 10:08:14 2022

 
